2025-12-24T03:32:22+00:00 DEBUG Tt4b_Pixel_Class::inject_view_content_event: hit ViewContent
2025-12-24T03:32:22+00:00 DEBUG Tt4b_Pixel_Class::inject_view_content_event: Missing option "access_token"
2025-12-24T04:35:49+00:00 DEBUG Tt4b_Pixel_Class::inject_view_content_event: hit ViewContent
2025-12-24T04:35:49+00:00 DEBUG Tt4b_Pixel_Class::inject_view_content_event: Missing option "access_token"
2025-12-24T09:40:50+00:00 DEBUG Tt4b_Pixel_Class::inject_view_content_event: hit ViewContent
2025-12-24T09:40:51+00:00 DEBUG Tt4b_Pixel_Class::inject_view_content_event: Missing option "access_token"
2025-12-24T09:42:05+00:00 DEBUG Tt4b_Pixel_Class::inject_initiate_checkout_event: hit InitiateCheckout
2025-12-24T09:42:05+00:00 DEBUG Tt4b_Pixel_Class::inject_initiate_checkout_event: Missing option "access_token"
2025-12-24T09:42:05+00:00 DEBUG Tt4b_Pixel_Class::inject_initiate_checkout_event: hit InitiateCheckout
2025-12-24T09:42:05+00:00 DEBUG Tt4b_Pixel_Class::inject_initiate_checkout_event: Missing option "access_token"
2025-12-24T13:04:58+00:00 DEBUG Tt4b_Pixel_Class::inject_view_content_event: hit ViewContent
2025-12-24T13:04:58+00:00 DEBUG Tt4b_Pixel_Class::inject_view_content_event: Missing option "access_token"
2025-12-24T13:06:50+00:00 DEBUG Tt4b_Pixel_Class::inject_view_content_event: hit ViewContent
2025-12-24T13:06:50+00:00 DEBUG Tt4b_Pixel_Class::inject_view_content_event: Missing option "access_token"
2025-12-24T13:31:18+00:00 DEBUG Tt4b_Pixel_Class::inject_view_content_event: hit ViewContent
2025-12-24T13:31:18+00:00 DEBUG Tt4b_Pixel_Class::inject_view_content_event: Missing option "access_token"
2025-12-24T13:44:35+00:00 DEBUG Tt4b_Pixel_Class::inject_view_content_event: hit ViewContent
2025-12-24T13:44:35+00:00 DEBUG Tt4b_Pixel_Class::inject_view_content_event: Missing option "access_token"
2025-12-24T13:48:23+00:00 DEBUG Tt4b_Pixel_Class::inject_view_content_event: hit ViewContent
2025-12-24T13:48:23+00:00 DEBUG Tt4b_Pixel_Class::inject_view_content_event: Missing option "access_token"
2025-12-24T14:19:11+00:00 DEBUG tt4b_product_delete: missing access token for tt4b_product_sync
2025-12-24T14:19:11+00:00 DEBUG tt4b_product_delete: missing access token for tt4b_product_sync
2025-12-24T14:19:26+00:00 DEBUG tt4b_product_delete: missing access token for tt4b_product_sync
2025-12-24T14:19:26+00:00 DEBUG tt4b_product_delete: missing access token for tt4b_product_sync
2025-12-24T14:20:12+00:00 DEBUG tt4b_product_delete: missing access token for tt4b_product_sync
2025-12-24T14:20:12+00:00 DEBUG tt4b_product_delete: missing access token for tt4b_product_sync
2025-12-24T14:20:24+00:00 DEBUG tt4b_product_delete: missing access token for tt4b_product_sync
2025-12-24T14:20:24+00:00 DEBUG tt4b_product_delete: missing access token for tt4b_product_sync
2025-12-24T14:20:47+00:00 DEBUG tt4b_product_delete: missing access token for tt4b_product_sync
2025-12-24T14:20:47+00:00 DEBUG tt4b_product_delete: missing access token for tt4b_product_sync
2025-12-24T14:21:13+00:00 DEBUG tt4b_product_delete: missing access token for tt4b_product_sync
2025-12-24T14:21:13+00:00 DEBUG tt4b_product_delete: missing access token for tt4b_product_sync
2025-12-24T14:23:00+00:00 DEBUG tt4b_product_delete: missing access token for tt4b_product_sync
2025-12-24T14:23:00+00:00 DEBUG tt4b_product_delete: missing access token for tt4b_product_sync
2025-12-24T14:23:12+00:00 DEBUG tt4b_product_delete: missing access token for tt4b_product_sync
2025-12-24T14:23:12+00:00 DEBUG tt4b_product_delete: missing access token for tt4b_product_sync
2025-12-24T14:23:24+00:00 DEBUG tt4b_product_delete: missing access token for tt4b_product_sync
2025-12-24T14:23:24+00:00 DEBUG tt4b_product_delete: missing access token for tt4b_product_sync
2025-12-24T14:23:33+00:00 DEBUG tt4b_product_delete: missing access token for tt4b_product_sync
2025-12-24T14:23:33+00:00 DEBUG tt4b_product_delete: missing access token for tt4b_product_sync
2025-12-24T14:23:50+00:00 DEBUG tt4b_product_delete: missing access token for tt4b_product_sync
2025-12-24T14:23:50+00:00 DEBUG tt4b_product_delete: missing access token for tt4b_product_sync
2025-12-24T14:24:41+00:00 DEBUG tt4b_product_delete: missing access token for tt4b_product_sync
2025-12-24T14:24:41+00:00 DEBUG tt4b_product_delete: missing access token for tt4b_product_sync
2025-12-24T15:09:23+00:00 DEBUG Tt4b_Pixel_Class::inject_view_content_event: hit ViewContent
2025-12-24T15:09:23+00:00 DEBUG Tt4b_Pixel_Class::inject_view_content_event: Missing option "access_token"
2025-12-24T15:09:23+00:00 DEBUG Tt4b_Pixel_Class::inject_view_content_event: Missing option "access_token"
